[I 210704 18:44:35 main:87] Database pool has started!
[I 210704 18:44:35 main:90] Discord Logger has been configured
[I 210704 18:44:38 main:203] jsk has been loaded
[I 210704 18:44:38 main:204] Schema configured
[I 210704 18:44:38 main:209] approval addon loaded
[I 210704 18:44:38 main:209] setup addon loaded
[I 210704 18:44:38 main:209] botowner addon loaded
[I 210704 18:44:38 main:209] events addon loaded
[I 210704 18:44:38 main:209] mod addon loaded
[I 210704 18:44:38 main:209] misc addon loaded
[I 210704 18:44:38 main:209] warn addon loaded
[I 210704 18:44:38 main:209] trusted addon loaded
[I 210704 18:44:38 main:218] qrgen cog loaded
[I 210704 18:44:38 main:218] memes cog loaded
[I 210704 18:44:38 main:218] toggleroles cog loaded
[I 210704 18:44:38 main:218] colors cog loaded
[I 210704 18:44:38 main:218] accountinfo cog loaded
[I 210704 18:44:38 main:218] filter cog loaded
[I 210704 18:44:38 main:224] LOGIN: Client logged in as Creative Name Here
[I 210704 18:47:18 main:87] Database pool has started!
[I 210704 18:47:18 main:90] Discord Logger has been configured
[I 210704 18:47:21 main:203] jsk has been loaded
[I 210704 18:47:21 main:204] Schema configured
[I 210704 18:47:21 main:209] approval addon loaded
[I 210704 18:47:21 main:209] setup addon loaded
[I 210704 18:47:21 main:209] botowner addon loaded
[I 210704 18:47:21 main:209] events addon loaded
[I 210704 18:47:21 main:209] mod addon loaded
[I 210704 18:47:21 main:209] misc addon loaded
[I 210704 18:47:21 main:209] warn addon loaded
[I 210704 18:47:21 main:209] trusted addon loaded
[I 210704 18:47:21 main:218] qrgen cog loaded
[I 210704 18:47:21 main:218] memes cog loaded
[I 210704 18:47:21 main:218] toggleroles cog loaded
[I 210704 18:47:21 main:218] colors cog loaded
[I 210704 18:47:21 main:218] accountinfo cog loaded
[I 210704 18:47:21 main:218] filter cog loaded
[I 210704 18:47:21 main:224] LOGIN: Client logged in as Creative Name Here
[I 210704 18:48:22 main:87] Database pool has started!
[I 210704 18:48:22 main:90] Discord Logger has been configured
[I 210704 18:48:25 main:203] jsk has been loaded
[I 210704 18:48:25 main:204] Schema configured
[I 210704 18:48:25 main:209] approval addon loaded
[I 210704 18:48:25 main:209] setup addon loaded
[I 210704 18:48:25 main:209] botowner addon loaded
[I 210704 18:48:25 main:209] events addon loaded
[I 210704 18:48:25 main:209] mod addon loaded
[I 210704 18:48:25 main:209] misc addon loaded
[I 210704 18:48:25 main:209] warn addon loaded
[I 210704 18:48:25 main:209] trusted addon loaded
[I 210704 18:48:25 main:218] qrgen cog loaded
[I 210704 18:48:25 main:218] memes cog loaded
[I 210704 18:48:25 main:218] toggleroles cog loaded
[I 210704 18:48:25 main:218] colors cog loaded
[I 210704 18:48:25 main:218] accountinfo cog loaded
[I 210704 18:48:25 main:218] filter cog loaded
[I 210704 18:48:25 main:224] LOGIN: Client logged in as Creative Name Here
[I 210704 18:49:28 main:87] Database pool has started!
[I 210704 18:49:28 main:90] Discord Logger has been configured
[I 210704 18:49:30 main:203] jsk has been loaded
[I 210704 18:49:30 main:204] Schema configured
[I 210704 18:49:30 main:209] approval addon loaded
[I 210704 18:49:30 main:209] setup addon loaded
[I 210704 18:49:30 main:209] botowner addon loaded
[I 210704 18:49:30 main:209] events addon loaded
[I 210704 18:49:30 main:209] mod addon loaded
[I 210704 18:49:30 main:209] misc addon loaded
[I 210704 18:49:30 main:209] warn addon loaded
[I 210704 18:49:30 main:209] trusted addon loaded
[I 210704 18:49:30 main:218] qrgen cog loaded
[I 210704 18:49:30 main:218] memes cog loaded
[I 210704 18:49:30 main:218] toggleroles cog loaded
[I 210704 18:49:30 main:218] colors cog loaded
[I 210704 18:49:30 main:218] accountinfo cog loaded
[I 210704 18:49:30 main:224] LOGIN: Client logged in as Creative Name Here
[I 210704 18:49:50 main:87] Database pool has started!
[I 210704 18:49:50 main:90] Discord Logger has been configured
[I 210704 18:49:53 main:203] jsk has been loaded
[I 210704 18:49:53 main:204] Schema configured
[I 210704 18:49:53 main:209] approval addon loaded
[I 210704 18:49:53 main:209] setup addon loaded
[I 210704 18:49:53 main:209] botowner addon loaded
[I 210704 18:49:53 main:209] events addon loaded
[I 210704 18:49:53 main:209] mod addon loaded
[I 210704 18:49:53 main:209] misc addon loaded
[I 210704 18:49:53 main:209] warn addon loaded
[I 210704 18:49:53 main:209] trusted addon loaded
[I 210704 18:49:53 main:218] qrgen cog loaded
[I 210704 18:49:53 main:218] memes cog loaded
[I 210704 18:49:53 main:218] toggleroles cog loaded
[I 210704 18:49:53 main:218] colors cog loaded
[I 210704 18:49:53 main:218] accountinfo cog loaded
[I 210704 18:49:53 main:218] filter cog loaded
[I 210704 18:49:53 main:224] LOGIN: Client logged in as Creative Name Here
[I 210704 18:50:21 main:87] Database pool has started!
[I 210704 18:50:21 main:90] Discord Logger has been configured
[I 210704 18:50:23 main:203] jsk has been loaded
[I 210704 18:50:23 main:204] Schema configured
[I 210704 18:50:23 main:209] approval addon loaded
[I 210704 18:50:23 main:209] setup addon loaded
[I 210704 18:50:23 main:209] botowner addon loaded
[I 210704 18:50:23 main:209] events addon loaded
[I 210704 18:50:23 main:209] mod addon loaded
[I 210704 18:50:23 main:209] misc addon loaded
[I 210704 18:50:23 main:209] warn addon loaded
[I 210704 18:50:23 main:209] trusted addon loaded
[I 210704 18:50:23 main:218] qrgen cog loaded
[I 210704 18:50:23 main:218] memes cog loaded
[I 210704 18:50:23 main:218] toggleroles cog loaded
[I 210704 18:50:23 main:218] colors cog loaded
[I 210704 18:50:23 main:218] accountinfo cog loaded
[I 210704 18:50:23 main:218] filter cog loaded
[I 210704 18:50:23 main:224] LOGIN: Client logged in as Creative Name Here
[I 210704 18:52:09 main:87] Database pool has started!
[I 210704 18:52:09 main:90] Discord Logger has been configured
[I 210704 18:52:11 main:203] jsk has been loaded
[I 210704 18:52:11 main:204] Schema configured
[I 210704 18:52:11 main:209] approval addon loaded
[I 210704 18:52:11 main:209] setup addon loaded
[I 210704 18:52:11 main:209] botowner addon loaded
[I 210704 18:52:11 main:209] events addon loaded
[I 210704 18:52:11 main:209] mod addon loaded
[I 210704 18:52:11 main:209] misc addon loaded
[I 210704 18:52:11 main:209] warn addon loaded
[I 210704 18:52:11 main:209] trusted addon loaded
[I 210704 18:52:11 main:218] qrgen cog loaded
[I 210704 18:52:11 main:218] memes cog loaded
[I 210704 18:52:11 main:218] toggleroles cog loaded
[I 210704 18:52:11 main:218] colors cog loaded
[I 210704 18:52:11 main:218] accountinfo cog loaded
[I 210704 18:52:11 main:218] filter cog loaded
[I 210704 18:52:11 main:224] LOGIN: Client logged in as Creative Name Here
[I 210704 18:53:35 main:87] Database pool has started!
[I 210704 18:53:35 main:90] Discord Logger has been configured
[I 210704 18:53:38 main:203] jsk has been loaded
[I 210704 18:53:38 main:204] Schema configured
[I 210704 18:53:38 main:209] approval addon loaded
[I 210704 18:53:38 main:209] setup addon loaded
[I 210704 18:53:38 main:209] botowner addon loaded
[I 210704 18:53:38 main:209] events addon loaded
[I 210704 18:53:38 main:209] mod addon loaded
[I 210704 18:53:38 main:209] misc addon loaded
[I 210704 18:53:38 main:209] warn addon loaded
[I 210704 18:53:38 main:209] trusted addon loaded
[I 210704 18:53:38 main:218] qrgen cog loaded
[I 210704 18:53:38 main:218] memes cog loaded
[I 210704 18:53:38 main:218] toggleroles cog loaded
[I 210704 18:53:38 main:218] colors cog loaded
[I 210704 18:53:38 main:218] accountinfo cog loaded
[I 210704 18:53:38 main:218] filter cog loaded
[I 210704 18:53:38 main:224] LOGIN: Client logged in as Creative Name Here
[I 210704 18:54:52 main:87] Database pool has started!
[I 210704 18:54:52 main:90] Discord Logger has been configured
[I 210704 18:54:55 main:203] jsk has been loaded
[I 210704 18:54:55 main:204] Schema configured
[I 210704 18:54:55 main:209] approval addon loaded
[I 210704 18:54:55 main:209] setup addon loaded
[I 210704 18:54:55 main:209] botowner addon loaded
[I 210704 18:54:55 main:209] events addon loaded
[I 210704 18:54:55 main:209] mod addon loaded
[I 210704 18:54:55 main:209] misc addon loaded
[I 210704 18:54:55 main:209] warn addon loaded
[I 210704 18:54:55 main:209] trusted addon loaded
[I 210704 18:54:55 main:218] qrgen cog loaded
[I 210704 18:54:55 main:218] memes cog loaded
[I 210704 18:54:55 main:218] toggleroles cog loaded
[I 210704 18:54:55 main:218] colors cog loaded
[I 210704 18:54:55 main:218] accountinfo cog loaded
[I 210704 18:54:55 main:218] filter cog loaded
[I 210704 18:54:55 main:224] LOGIN: Client logged in as Creative Name Here
[I 210704 18:56:37 main:87] Database pool has started!
[I 210704 18:56:37 main:90] Discord Logger has been configured
[I 210704 18:56:39 main:203] jsk has been loaded
[I 210704 18:56:39 main:204] Schema configured
[I 210704 18:56:39 main:209] approval addon loaded
[I 210704 18:56:39 main:209] setup addon loaded
[I 210704 18:56:39 main:209] botowner addon loaded
[I 210704 18:56:39 main:209] events addon loaded
[I 210704 18:56:39 main:209] mod addon loaded
[I 210704 18:56:39 main:209] misc addon loaded
[I 210704 18:56:39 main:209] warn addon loaded
[I 210704 18:56:39 main:209] trusted addon loaded
[I 210704 18:56:39 main:218] qrgen cog loaded
[I 210704 18:56:39 main:218] memes cog loaded
[I 210704 18:56:39 main:218] toggleroles cog loaded
[I 210704 18:56:39 main:218] colors cog loaded
[I 210704 18:56:39 main:218] accountinfo cog loaded
[I 210704 18:56:39 main:218] filter cog loaded
[I 210704 18:56:39 main:224] LOGIN: Client logged in as Creative Name Here
[I 210704 18:59:15 main:87] Database pool has started!
[I 210704 18:59:15 main:90] Discord Logger has been configured
[I 210704 18:59:18 main:203] jsk has been loaded
[I 210704 18:59:18 main:204] Schema configured
[I 210704 18:59:18 main:209] approval addon loaded
[I 210704 18:59:18 main:209] setup addon loaded
[I 210704 18:59:18 main:209] botowner addon loaded
[I 210704 18:59:18 main:209] events addon loaded
[I 210704 18:59:18 main:209] mod addon loaded
[I 210704 18:59:18 main:209] misc addon loaded
[I 210704 18:59:18 main:209] warn addon loaded
[I 210704 18:59:18 main:209] trusted addon loaded
[I 210704 18:59:18 main:218] qrgen cog loaded
[I 210704 18:59:18 main:218] memes cog loaded
[I 210704 18:59:18 main:218] toggleroles cog loaded
[I 210704 18:59:18 main:218] colors cog loaded
[I 210704 18:59:18 main:218] accountinfo cog loaded
[I 210704 18:59:18 main:218] filter cog loaded
[I 210704 18:59:18 main:224] LOGIN: Client logged in as Creative Name Here
[I 210704 19:11:49 main:87] Database pool has started!
[I 210704 19:11:49 main:90] Discord Logger has been configured
[I 210704 19:11:52 main:203] jsk has been loaded
[I 210704 19:11:52 main:204] Schema configured
[I 210704 19:11:52 main:209] approval addon loaded
[I 210704 19:11:52 main:209] setup addon loaded
[I 210704 19:11:52 main:209] botowner addon loaded
[I 210704 19:11:52 main:209] events addon loaded
[I 210704 19:11:52 main:209] mod addon loaded
[I 210704 19:11:52 main:209] misc addon loaded
[I 210704 19:11:52 main:209] warn addon loaded
[I 210704 19:11:52 main:209] trusted addon loaded
[I 210704 19:11:52 main:218] qrgen cog loaded
[I 210704 19:11:52 main:218] memes cog loaded
[I 210704 19:11:52 main:218] toggleroles cog loaded
[I 210704 19:11:52 main:218] colors cog loaded
[I 210704 19:11:52 main:218] accountinfo cog loaded
[I 210704 19:11:52 main:218] filter cog loaded
[I 210704 19:11:52 main:224] LOGIN: Client logged in as Creative Name Here
[I 210704 19:13:30 main:87] Database pool has started!
[I 210704 19:13:30 main:90] Discord Logger has been configured
[I 210704 19:13:33 main:203] jsk has been loaded
[I 210704 19:13:33 main:204] Schema configured
[I 210704 19:13:33 main:209] approval addon loaded
[I 210704 19:13:33 main:209] setup addon loaded
[I 210704 19:13:33 main:209] botowner addon loaded
[I 210704 19:13:33 main:209] events addon loaded
[I 210704 19:13:33 main:209] mod addon loaded
[I 210704 19:13:33 main:209] misc addon loaded
[I 210704 19:13:33 main:209] warn addon loaded
[I 210704 19:13:33 main:209] trusted addon loaded
[I 210704 19:13:33 main:218] qrgen cog loaded
[I 210704 19:13:33 main:218] memes cog loaded
[I 210704 19:13:33 main:218] toggleroles cog loaded
[I 210704 19:13:33 main:218] colors cog loaded
[I 210704 19:13:33 main:218] accountinfo cog loaded
[I 210704 19:13:33 main:218] filter cog loaded
[I 210704 19:13:33 main:224] LOGIN: Client logged in as Creative Name Here
[I 210704 19:14:52 main:87] Database pool has started!
[I 210704 19:14:52 main:90] Discord Logger has been configured
[I 210704 19:14:54 main:203] jsk has been loaded
[I 210704 19:14:54 main:204] Schema configured
[I 210704 19:14:54 main:209] approval addon loaded
[I 210704 19:14:54 main:209] setup addon loaded
[I 210704 19:14:54 main:209] botowner addon loaded
[I 210704 19:14:54 main:209] events addon loaded
[I 210704 19:14:54 main:209] mod addon loaded
[I 210704 19:14:54 main:209] misc addon loaded
[I 210704 19:14:54 main:209] warn addon loaded
[I 210704 19:14:54 main:209] trusted addon loaded
[I 210704 19:14:54 main:218] qrgen cog loaded
[I 210704 19:14:54 main:218] memes cog loaded
[I 210704 19:14:54 main:218] toggleroles cog loaded
[I 210704 19:14:54 main:218] colors cog loaded
[I 210704 19:14:54 main:218] accountinfo cog loaded
[I 210704 19:14:54 main:218] filter cog loaded
[I 210704 19:14:54 main:224] LOGIN: Client logged in as Creative Name Here
[I 210704 19:16:02 main:87] Database pool has started!
[I 210704 19:16:02 main:90] Discord Logger has been configured
[I 210704 19:16:05 main:203] jsk has been loaded
[I 210704 19:16:05 main:204] Schema configured
[I 210704 19:16:05 main:209] approval addon loaded
[I 210704 19:16:05 main:209] setup addon loaded
[I 210704 19:16:05 main:209] botowner addon loaded
[I 210704 19:16:05 main:209] events addon loaded
[I 210704 19:16:05 main:209] mod addon loaded
[I 210704 19:16:05 main:209] misc addon loaded
[I 210704 19:16:05 main:209] warn addon loaded
[I 210704 19:16:05 main:209] trusted addon loaded
[I 210704 19:16:05 main:218] qrgen cog loaded
[I 210704 19:16:05 main:218] memes cog loaded
[I 210704 19:16:05 main:218] toggleroles cog loaded
[I 210704 19:16:05 main:218] colors cog loaded
[I 210704 19:16:05 main:218] accountinfo cog loaded
[I 210704 19:16:05 main:218] filter cog loaded
[I 210704 19:16:05 main:224] LOGIN: Client logged in as Creative Name Here
[I 210704 19:16:58 main:87] Database pool has started!
[I 210704 19:16:58 main:90] Discord Logger has been configured
[I 210704 19:17:00 main:203] jsk has been loaded
[I 210704 19:17:00 main:204] Schema configured
[I 210704 19:17:00 main:209] approval addon loaded
[I 210704 19:17:00 main:209] setup addon loaded
[I 210704 19:17:00 main:209] botowner addon loaded
[I 210704 19:17:00 main:209] events addon loaded
[I 210704 19:17:00 main:209] mod addon loaded
[I 210704 19:17:00 main:209] misc addon loaded
[I 210704 19:17:00 main:209] warn addon loaded
[I 210704 19:17:00 main:209] trusted addon loaded
[I 210704 19:17:00 main:218] qrgen cog loaded
[I 210704 19:17:00 main:218] memes cog loaded
[I 210704 19:17:00 main:218] toggleroles cog loaded
[I 210704 19:17:00 main:218] colors cog loaded
[I 210704 19:17:00 main:218] accountinfo cog loaded
[I 210704 19:17:00 main:218] filter cog loaded
[I 210704 19:17:00 main:224] LOGIN: Client logged in as Creative Name Here
[I 210704 19:20:30 main:87] Database pool has started!
[I 210704 19:20:30 main:90] Discord Logger has been configured
[I 210704 19:20:33 main:203] jsk has been loaded
[I 210704 19:20:33 main:204] Schema configured
[I 210704 19:20:33 main:209] approval addon loaded
[I 210704 19:20:33 main:209] setup addon loaded
[I 210704 19:20:33 main:209] botowner addon loaded
[I 210704 19:20:33 main:209] events addon loaded
[I 210704 19:20:33 main:209] mod addon loaded
[I 210704 19:20:33 main:209] misc addon loaded
[I 210704 19:20:33 main:209] warn addon loaded
[I 210704 19:20:33 main:209] trusted addon loaded
[I 210704 19:20:33 main:218] qrgen cog loaded
[I 210704 19:20:33 main:218] memes cog loaded
[I 210704 19:20:33 main:218] toggleroles cog loaded
[I 210704 19:20:33 main:218] colors cog loaded
[I 210704 19:20:33 main:218] accountinfo cog loaded
[I 210704 19:20:33 main:218] filter cog loaded
[I 210704 19:20:33 main:224] LOGIN: Client logged in as Creative Name Here
[I 210704 19:29:30 main:87] Database pool has started!
[I 210704 19:29:30 main:90] Discord Logger has been configured
[I 210704 19:29:33 main:203] jsk has been loaded
[I 210704 19:29:33 main:204] Schema configured
[I 210704 19:29:33 main:209] approval addon loaded
[I 210704 19:29:33 main:209] setup addon loaded
[I 210704 19:29:33 main:209] botowner addon loaded
[I 210704 19:29:33 main:209] events addon loaded
[I 210704 19:29:33 main:209] mod addon loaded
[I 210704 19:29:33 main:209] misc addon loaded
[I 210704 19:29:33 main:209] warn addon loaded
[I 210704 19:29:33 main:209] trusted addon loaded
[I 210704 19:29:33 main:218] qrgen cog loaded
[I 210704 19:29:33 main:218] memes cog loaded
[I 210704 19:29:33 main:218] toggleroles cog loaded
[I 210704 19:29:33 main:218] colors cog loaded
[I 210704 19:29:33 main:218] accountinfo cog loaded
[I 210704 19:29:33 main:218] filter cog loaded
[I 210704 19:29:33 main:224] LOGIN: Client logged in as Creative Name Here
[I 210704 19:39:49 main:87] Database pool has started!
[I 210704 19:39:49 main:90] Discord Logger has been configured
[I 210704 19:39:52 main:203] jsk has been loaded
[I 210704 19:39:52 main:204] Schema configured
[I 210704 19:39:52 main:209] approval addon loaded
[I 210704 19:39:52 main:209] setup addon loaded
[I 210704 19:39:52 main:209] botowner addon loaded
[I 210704 19:39:52 main:209] events addon loaded
[I 210704 19:39:52 main:209] mod addon loaded
[I 210704 19:39:52 main:209] misc addon loaded
[I 210704 19:39:52 main:209] warn addon loaded
[I 210704 19:39:52 main:209] trusted addon loaded
[I 210704 19:39:52 main:218] qrgen cog loaded
[I 210704 19:39:52 main:218] memes cog loaded
[I 210704 19:39:52 main:218] toggleroles cog loaded
[I 210704 19:39:52 main:218] colors cog loaded
[I 210704 19:39:52 main:218] accountinfo cog loaded
[I 210704 19:39:52 main:218] filter cog loaded
[I 210704 19:39:52 main:224] LOGIN: Client logged in as Creative Name Here
[I 210704 19:40:58 main:87] Database pool has started!
[I 210704 19:40:58 main:90] Discord Logger has been configured
[I 210704 19:41:01 main:203] jsk has been loaded
[I 210704 19:41:01 main:204] Schema configured
[I 210704 19:41:01 main:209] approval addon loaded
[I 210704 19:41:01 main:209] setup addon loaded
[I 210704 19:41:01 main:209] botowner addon loaded
[I 210704 19:41:01 main:209] events addon loaded
[I 210704 19:41:01 main:209] mod addon loaded
[I 210704 19:41:01 main:209] misc addon loaded
[I 210704 19:41:01 main:209] warn addon loaded
[I 210704 19:41:01 main:209] trusted addon loaded
[I 210704 19:41:01 main:218] qrgen cog loaded
[I 210704 19:41:01 main:218] memes cog loaded
[I 210704 19:41:01 main:218] toggleroles cog loaded
[I 210704 19:41:01 main:218] colors cog loaded
[I 210704 19:41:01 main:218] accountinfo cog loaded
[I 210704 19:41:01 main:218] filter cog loaded
[I 210704 19:41:01 main:224] LOGIN: Client logged in as Creative Name Here
[I 210704 19:42:24 main:87] Database pool has started!
[I 210704 19:42:24 main:90] Discord Logger has been configured
[I 210704 19:42:27 main:203] jsk has been loaded
[I 210704 19:42:27 main:204] Schema configured
[I 210704 19:42:27 main:209] approval addon loaded
[I 210704 19:42:27 main:209] setup addon loaded
[I 210704 19:42:27 main:209] botowner addon loaded
[I 210704 19:42:27 main:209] events addon loaded
[I 210704 19:42:27 main:209] mod addon loaded
[I 210704 19:42:27 main:209] misc addon loaded
[I 210704 19:42:27 main:209] warn addon loaded
[I 210704 19:42:27 main:209] trusted addon loaded
[I 210704 19:42:27 main:218] qrgen cog loaded
[I 210704 19:42:27 main:218] memes cog loaded
[I 210704 19:42:27 main:218] toggleroles cog loaded
[I 210704 19:42:27 main:218] colors cog loaded
[I 210704 19:42:27 main:218] accountinfo cog loaded
[I 210704 19:42:27 main:218] filter cog loaded
[I 210704 19:42:27 main:224] LOGIN: Client logged in as Creative Name Here
[I 210704 19:44:03 main:87] Database pool has started!
[I 210704 19:44:03 main:90] Discord Logger has been configured
[I 210704 19:44:06 main:203] jsk has been loaded
[I 210704 19:44:06 main:204] Schema configured
[I 210704 19:44:06 main:209] approval addon loaded
[I 210704 19:44:06 main:209] setup addon loaded
[I 210704 19:44:06 main:209] botowner addon loaded
[I 210704 19:44:06 main:209] events addon loaded
[I 210704 19:44:06 main:209] mod addon loaded
[I 210704 19:44:06 main:209] misc addon loaded
[I 210704 19:44:06 main:209] warn addon loaded
[I 210704 19:44:06 main:209] trusted addon loaded
[I 210704 19:44:06 main:218] qrgen cog loaded
[I 210704 19:44:06 main:218] memes cog loaded
[I 210704 19:44:06 main:218] toggleroles cog loaded
[I 210704 19:44:06 main:218] colors cog loaded
[I 210704 19:44:06 main:218] accountinfo cog loaded
[I 210704 19:44:06 main:218] filter cog loaded
[I 210704 19:44:06 main:224] LOGIN: Client logged in as Creative Name Here
[I 210704 19:44:29 main:87] Database pool has started!
[I 210704 19:44:29 main:90] Discord Logger has been configured
[I 210704 19:44:32 main:203] jsk has been loaded
[I 210704 19:44:32 main:204] Schema configured
[I 210704 19:44:32 main:209] approval addon loaded
[I 210704 19:44:32 main:209] setup addon loaded
[I 210704 19:44:32 main:209] botowner addon loaded
[I 210704 19:44:32 main:209] events addon loaded
[I 210704 19:44:32 main:209] mod addon loaded
[I 210704 19:44:32 main:209] misc addon loaded
[I 210704 19:44:32 main:209] warn addon loaded
[I 210704 19:44:32 main:209] trusted addon loaded
[I 210704 19:44:32 main:218] qrgen cog loaded
[I 210704 19:44:32 main:218] memes cog loaded
[I 210704 19:44:32 main:218] toggleroles cog loaded
[I 210704 19:44:32 main:218] colors cog loaded
[I 210704 19:44:32 main:218] accountinfo cog loaded
[I 210704 19:44:32 main:218] filter cog loaded
[I 210704 19:44:32 main:224] LOGIN: Client logged in as Creative Name Here
[I 210704 20:04:49 main:87] Database pool has started!
[I 210704 20:04:49 main:90] Discord Logger has been configured
[I 210704 20:04:52 main:203] jsk has been loaded
[I 210704 20:04:52 main:204] Schema configured
[I 210704 20:04:52 main:209] approval addon loaded
[I 210704 20:04:52 main:209] setup addon loaded
[I 210704 20:04:52 main:209] botowner addon loaded
[I 210704 20:04:52 main:209] events addon loaded
[I 210704 20:04:52 main:209] mod addon loaded
[I 210704 20:04:52 main:209] misc addon loaded
[I 210704 20:04:52 main:209] warn addon loaded
[I 210704 20:04:52 main:209] trusted addon loaded
[I 210704 20:04:52 main:218] qrgen cog loaded
[I 210704 20:04:52 main:218] memes cog loaded
[I 210704 20:04:52 main:218] toggleroles cog loaded
[I 210704 20:04:52 main:218] colors cog loaded
[I 210704 20:04:52 main:218] accountinfo cog loaded
[I 210704 20:04:52 main:218] filter cog loaded
[I 210704 20:04:52 main:224] LOGIN: Client logged in as Creative Name Here
[I 210704 20:19:40 main:87] Database pool has started!
[I 210704 20:19:40 main:90] Discord Logger has been configured
[I 210704 20:19:42 main:203] jsk has been loaded
[I 210704 20:19:42 main:204] Schema configured
[I 210704 20:19:42 main:209] approval addon loaded
[I 210704 20:19:42 main:209] setup addon loaded
[I 210704 20:19:42 main:209] botowner addon loaded
[I 210704 20:19:42 main:209] events addon loaded
[I 210704 20:19:42 main:209] mod addon loaded
[I 210704 20:19:42 main:209] misc addon loaded
[I 210704 20:19:42 main:209] warn addon loaded
[I 210704 20:19:42 main:209] trusted addon loaded
[I 210704 20:19:42 main:218] qrgen cog loaded
[I 210704 20:19:42 main:218] memes cog loaded
[I 210704 20:19:42 main:218] toggleroles cog loaded
[I 210704 20:19:42 main:218] colors cog loaded
[I 210704 20:19:42 main:218] accountinfo cog loaded
[I 210704 20:19:42 main:218] filter cog loaded
[I 210704 20:19:42 main:224] LOGIN: Client logged in as Creative Name Here
[I 210705 11:10:39 main:87] Database pool has started!
[I 210705 11:10:39 main:90] Discord Logger has been configured
[I 210705 11:10:41 main:203] jsk has been loaded
[I 210705 11:10:41 main:204] Schema configured
[I 210705 11:10:41 main:209] approval addon loaded
[I 210705 11:10:41 main:209] setup addon loaded
[I 210705 11:10:42 main:209] botowner addon loaded
[I 210705 11:10:42 main:209] events addon loaded
[I 210705 11:10:42 main:209] mod addon loaded
[I 210705 11:10:42 main:209] misc addon loaded
[I 210705 11:10:42 main:209] warn addon loaded
[I 210705 11:10:42 main:209] trusted addon loaded
[I 210705 11:10:42 main:218] qrgen cog loaded
[I 210705 11:10:42 main:218] memes cog loaded
[I 210705 11:10:42 main:218] toggleroles cog loaded
[I 210705 11:10:42 main:218] colors cog loaded
[I 210705 11:10:42 main:218] accountinfo cog loaded
[I 210705 11:10:42 main:218] filter cog loaded
[I 210705 11:10:42 main:224] LOGIN: Client logged in as Creative Name Here
[I 210705 11:25:30 main:87] Database pool has started!
[I 210705 11:25:30 main:90] Discord Logger has been configured
[I 210705 11:25:33 main:203] jsk has been loaded
[I 210705 11:25:33 main:204] Schema configured
[I 210705 11:25:33 main:209] approval addon loaded
[I 210705 11:25:33 main:209] setup addon loaded
[I 210705 11:25:33 main:209] botowner addon loaded
[I 210705 11:25:33 main:209] events addon loaded
[I 210705 11:25:33 main:209] mod addon loaded
[I 210705 11:25:33 main:209] misc addon loaded
[I 210705 11:25:33 main:209] warn addon loaded
[I 210705 11:25:33 main:209] trusted addon loaded
[I 210705 11:25:33 main:218] qrgen cog loaded
[I 210705 11:25:33 main:218] memes cog loaded
[I 210705 11:25:33 main:218] toggleroles cog loaded
[I 210705 11:25:33 main:218] colors cog loaded
[I 210705 11:25:33 main:218] accountinfo cog loaded
[I 210705 11:25:33 main:218] filter cog loaded
[I 210705 11:25:33 main:224] LOGIN: Client logged in as Creative Name Here
[I 210705 11:25:57 main:87] Database pool has started!
[I 210705 11:25:57 main:90] Discord Logger has been configured
[I 210705 11:25:59 main:203] jsk has been loaded
[I 210705 11:25:59 main:204] Schema configured
[I 210705 11:25:59 main:209] approval addon loaded
[I 210705 11:25:59 main:209] setup addon loaded
[I 210705 11:25:59 main:209] botowner addon loaded
[I 210705 11:25:59 main:209] events addon loaded
[I 210705 11:25:59 main:209] mod addon loaded
[I 210705 11:25:59 main:209] misc addon loaded
[I 210705 11:25:59 main:209] warn addon loaded
[I 210705 11:25:59 main:209] trusted addon loaded
[I 210705 11:25:59 main:218] qrgen cog loaded
[I 210705 11:25:59 main:218] memes cog loaded
[I 210705 11:25:59 main:218] toggleroles cog loaded
[I 210705 11:25:59 main:218] colors cog loaded
[I 210705 11:25:59 main:218] accountinfo cog loaded
[I 210705 11:25:59 main:218] filter cog loaded
[I 210705 11:25:59 main:224] LOGIN: Client logged in as Creative Name Here
[I 210705 11:27:06 main:87] Database pool has started!
[I 210705 11:27:06 main:90] Discord Logger has been configured
[I 210705 11:27:09 main:203] jsk has been loaded
[I 210705 11:27:09 main:204] Schema configured
[I 210705 11:27:09 main:209] approval addon loaded
[I 210705 11:27:09 main:209] setup addon loaded
[I 210705 11:27:09 main:209] botowner addon loaded
[I 210705 11:27:09 main:209] events addon loaded
[I 210705 11:27:09 main:209] mod addon loaded
[I 210705 11:27:09 main:209] misc addon loaded
[I 210705 11:27:09 main:209] warn addon loaded
[I 210705 11:27:09 main:209] trusted addon loaded
[I 210705 11:27:09 main:218] qrgen cog loaded
[I 210705 11:27:09 main:218] memes cog loaded
[I 210705 11:27:09 main:218] toggleroles cog loaded
[I 210705 11:27:09 main:218] colors cog loaded
[I 210705 11:27:09 main:218] accountinfo cog loaded
[I 210705 11:27:09 main:218] filter cog loaded
[I 210705 11:27:09 main:224] LOGIN: Client logged in as Creative Name Here
[I 210705 11:27:35 main:87] Database pool has started!
[I 210705 11:27:35 main:90] Discord Logger has been configured
[I 210705 11:27:38 main:203] jsk has been loaded
[I 210705 11:27:38 main:204] Schema configured
[I 210705 11:27:38 main:209] approval addon loaded
[I 210705 11:27:38 main:209] setup addon loaded
[I 210705 11:27:38 main:209] botowner addon loaded
[I 210705 11:27:38 main:209] events addon loaded
[I 210705 11:27:38 main:209] mod addon loaded
[I 210705 11:27:38 main:209] misc addon loaded
[I 210705 11:27:38 main:209] warn addon loaded
[I 210705 11:27:38 main:209] trusted addon loaded
[I 210705 11:27:38 main:218] qrgen cog loaded
[I 210705 11:27:38 main:218] memes cog loaded
[I 210705 11:27:38 main:218] toggleroles cog loaded
[I 210705 11:27:38 main:218] colors cog loaded
[I 210705 11:27:38 main:218] accountinfo cog loaded
[I 210705 11:27:38 main:218] filter cog loaded
[I 210705 11:27:38 main:224] LOGIN: Client logged in as Creative Name Here
[I 210705 11:30:50 main:87] Database pool has started!
[I 210705 11:30:50 main:90] Discord Logger has been configured
[I 210705 11:30:52 main:203] jsk has been loaded
[I 210705 11:30:52 main:204] Schema configured
[I 210705 11:30:52 main:209] approval addon loaded
[I 210705 11:30:52 main:209] setup addon loaded
[I 210705 11:30:52 main:209] botowner addon loaded
[I 210705 11:30:52 main:209] events addon loaded
[I 210705 11:30:52 main:209] mod addon loaded
[I 210705 11:30:52 main:209] misc addon loaded
[I 210705 11:30:52 main:209] warn addon loaded
[I 210705 11:30:52 main:209] trusted addon loaded
[I 210705 11:30:52 main:218] qrgen cog loaded
[I 210705 11:30:52 main:218] memes cog loaded
[I 210705 11:30:52 main:218] toggleroles cog loaded
[I 210705 11:30:52 main:218] colors cog loaded
[I 210705 11:30:52 main:218] accountinfo cog loaded
[I 210705 11:30:52 main:218] filter cog loaded
[I 210705 11:30:52 main:224] LOGIN: Client logged in as Creative Name Here
[I 210705 11:32:55 main:87] Database pool has started!
[I 210705 11:32:55 main:90] Discord Logger has been configured
[I 210705 11:32:58 main:203] jsk has been loaded
[I 210705 11:32:58 main:204] Schema configured
[I 210705 11:32:58 main:209] approval addon loaded
[I 210705 11:32:58 main:209] setup addon loaded
[I 210705 11:32:58 main:209] botowner addon loaded
[I 210705 11:32:58 main:209] events addon loaded
[I 210705 11:32:58 main:209] mod addon loaded
[I 210705 11:32:58 main:209] misc addon loaded
[I 210705 11:32:58 main:209] warn addon loaded
[I 210705 11:32:58 main:209] trusted addon loaded
[I 210705 11:32:58 main:218] qrgen cog loaded
[I 210705 11:32:58 main:218] memes cog loaded
[I 210705 11:32:58 main:218] toggleroles cog loaded
[I 210705 11:32:58 main:218] colors cog loaded
[I 210705 11:32:58 main:218] accountinfo cog loaded
[I 210705 11:32:58 main:218] filter cog loaded
[I 210705 11:32:58 main:224] LOGIN: Client logged in as Creative Name Here
[I 210705 12:13:44 main:87] Database pool has started!
[I 210705 12:13:44 main:90] Discord Logger has been configured
[I 210705 12:13:47 main:203] jsk has been loaded
[I 210705 12:13:47 main:204] Schema configured
[I 210705 12:13:47 main:209] approval addon loaded
[I 210705 12:13:47 main:209] setup addon loaded
[I 210705 12:13:47 main:209] botowner addon loaded
[I 210705 12:13:47 main:209] events addon loaded
[I 210705 12:13:47 main:209] mod addon loaded
[I 210705 12:13:47 main:209] misc addon loaded
[I 210705 12:13:47 main:209] warn addon loaded
[I 210705 12:13:47 main:209] trusted addon loaded
[I 210705 12:13:47 main:218] qrgen cog loaded
[I 210705 12:13:47 main:218] memes cog loaded
[I 210705 12:13:47 main:218] toggleroles cog loaded
[I 210705 12:13:47 main:218] colors cog loaded
[I 210705 12:13:47 main:218] accountinfo cog loaded
[I 210705 12:13:47 main:218] filter cog loaded
[I 210705 12:13:47 main:224] LOGIN: Client logged in as Creative Name Here
[I 210705 12:15:30 main:87] Database pool has started!
[I 210705 12:15:30 main:90] Discord Logger has been configured
[I 210705 12:15:33 main:203] jsk has been loaded
[I 210705 12:15:33 main:204] Schema configured
[I 210705 12:15:33 main:209] approval addon loaded
[I 210705 12:15:33 main:209] setup addon loaded
[I 210705 12:15:33 main:209] botowner addon loaded
[I 210705 12:15:33 main:209] events addon loaded
[I 210705 12:15:33 main:209] mod addon loaded
[I 210705 12:15:33 main:209] misc addon loaded
[I 210705 12:15:33 main:209] warn addon loaded
[I 210705 12:15:33 main:209] trusted addon loaded
[I 210705 12:15:33 main:218] qrgen cog loaded
[I 210705 12:15:33 main:218] memes cog loaded
[I 210705 12:15:33 main:218] toggleroles cog loaded
[I 210705 12:15:33 main:218] colors cog loaded
[I 210705 12:15:33 main:218] accountinfo cog loaded
[I 210705 12:15:33 main:218] filter cog loaded
[I 210705 12:15:33 main:224] LOGIN: Client logged in as Creative Name Here
[I 210705 12:21:09 main:87] Database pool has started!
[I 210705 12:21:09 main:90] Discord Logger has been configured
[I 210705 12:21:12 main:203] jsk has been loaded
[I 210705 12:21:12 main:204] Schema configured
[I 210705 12:21:12 main:209] approval addon loaded
[I 210705 12:21:12 main:209] setup addon loaded
[I 210705 12:21:12 main:209] botowner addon loaded
[I 210705 12:21:12 main:209] events addon loaded
[I 210705 12:21:12 main:209] mod addon loaded
[I 210705 12:21:12 main:209] misc addon loaded
[I 210705 12:21:12 main:209] warn addon loaded
[I 210705 12:21:12 main:209] trusted addon loaded
[I 210705 12:21:12 main:218] qrgen cog loaded
[I 210705 12:21:12 main:218] memes cog loaded
[I 210705 12:21:12 main:218] toggleroles cog loaded
[I 210705 12:21:12 main:218] colors cog loaded
[I 210705 12:21:12 main:218] accountinfo cog loaded
[I 210705 12:21:12 main:218] filter cog loaded
[I 210705 12:21:12 main:224] LOGIN: Client logged in as Creative Name Here
[I 210705 12:23:28 main:87] Database pool has started!
[I 210705 12:23:28 main:90] Discord Logger has been configured
[I 210705 12:23:31 main:203] jsk has been loaded
[I 210705 12:23:31 main:204] Schema configured
[I 210705 12:23:31 main:209] approval addon loaded
[I 210705 12:23:31 main:209] setup addon loaded
[I 210705 12:23:31 main:209] botowner addon loaded
[I 210705 12:23:31 main:209] events addon loaded
[I 210705 12:23:31 main:209] mod addon loaded
[I 210705 12:23:31 main:209] misc addon loaded
[I 210705 12:23:31 main:209] warn addon loaded
[I 210705 12:23:31 main:209] trusted addon loaded
[I 210705 12:23:31 main:218] qrgen cog loaded
[I 210705 12:23:31 main:218] memes cog loaded
[I 210705 12:23:31 main:218] toggleroles cog loaded
[I 210705 12:23:31 main:218] colors cog loaded
[I 210705 12:23:31 main:218] accountinfo cog loaded
[I 210705 12:23:31 main:218] filter cog loaded
[I 210705 12:23:31 main:224] LOGIN: Client logged in as Creative Name Here
[I 210705 12:24:00 main:87] Database pool has started!
[I 210705 12:24:00 main:90] Discord Logger has been configured
[I 210705 12:24:03 main:203] jsk has been loaded
[I 210705 12:24:03 main:204] Schema configured
[I 210705 12:24:03 main:209] approval addon loaded
[I 210705 12:24:03 main:209] setup addon loaded
[I 210705 12:24:03 main:209] botowner addon loaded
[I 210705 12:24:03 main:209] events addon loaded
[I 210705 12:24:03 main:209] mod addon loaded
[I 210705 12:24:03 main:209] misc addon loaded
[I 210705 12:24:03 main:209] warn addon loaded
[I 210705 12:24:03 main:209] trusted addon loaded
[I 210705 12:24:03 main:218] qrgen cog loaded
[I 210705 12:24:03 main:218] memes cog loaded
[I 210705 12:24:03 main:218] toggleroles cog loaded
[I 210705 12:24:03 main:218] colors cog loaded
[I 210705 12:24:03 main:218] accountinfo cog loaded
[I 210705 12:24:03 main:218] filter cog loaded
[I 210705 12:24:03 main:224] LOGIN: Client logged in as Creative Name Here
[I 210705 12:24:23 main:87] Database pool has started!
[I 210705 12:24:23 main:90] Discord Logger has been configured
[I 210705 12:24:26 main:203] jsk has been loaded
[I 210705 12:24:26 main:204] Schema configured
[I 210705 12:24:26 main:209] approval addon loaded
[I 210705 12:24:26 main:209] setup addon loaded
[I 210705 12:24:26 main:209] botowner addon loaded
[I 210705 12:24:26 main:209] events addon loaded
[I 210705 12:24:26 main:209] mod addon loaded
[I 210705 12:24:26 main:209] misc addon loaded
[I 210705 12:24:26 main:209] warn addon loaded
[I 210705 12:24:26 main:209] trusted addon loaded
[I 210705 12:24:26 main:218] qrgen cog loaded
[I 210705 12:24:26 main:218] memes cog loaded
[I 210705 12:24:26 main:218] toggleroles cog loaded
[I 210705 12:24:26 main:218] colors cog loaded
[I 210705 12:24:26 main:218] accountinfo cog loaded
[I 210705 12:24:26 main:218] filter cog loaded
[I 210705 12:24:26 main:224] LOGIN: Client logged in as Creative Name Here
[I 210705 12:26:15 main:87] Database pool has started!
[I 210705 12:26:15 main:90] Discord Logger has been configured
[I 210705 12:26:18 main:203] jsk has been loaded
[I 210705 12:26:18 main:204] Schema configured
[I 210705 12:26:18 main:209] approval addon loaded
[I 210705 12:26:18 main:209] setup addon loaded
[I 210705 12:26:18 main:209] botowner addon loaded
[I 210705 12:26:18 main:209] events addon loaded
[I 210705 12:26:18 main:209] mod addon loaded
[I 210705 12:26:18 main:209] misc addon loaded
[I 210705 12:26:18 main:209] warn addon loaded
[I 210705 12:26:18 main:209] trusted addon loaded
[I 210705 12:26:18 main:218] qrgen cog loaded
[I 210705 12:26:18 main:218] memes cog loaded
[I 210705 12:26:18 main:218] toggleroles cog loaded
[I 210705 12:26:18 main:218] colors cog loaded
[I 210705 12:26:18 main:218] accountinfo cog loaded
[I 210705 12:26:18 main:218] filter cog loaded
[I 210705 12:26:18 main:224] LOGIN: Client logged in as Creative Name Here
[I 210705 12:26:49 main:87] Database pool has started!
[I 210705 12:26:49 main:90] Discord Logger has been configured
[I 210705 12:26:51 main:203] jsk has been loaded
[I 210705 12:26:51 main:204] Schema configured
[I 210705 12:26:51 main:209] approval addon loaded
[I 210705 12:26:51 main:209] setup addon loaded
[I 210705 12:26:51 main:209] botowner addon loaded
[I 210705 12:26:51 main:209] events addon loaded
[I 210705 12:26:51 main:209] mod addon loaded
[I 210705 12:26:51 main:209] misc addon loaded
[I 210705 12:26:51 main:209] warn addon loaded
[I 210705 12:26:51 main:209] trusted addon loaded
[I 210705 12:26:51 main:218] qrgen cog loaded
[I 210705 12:26:51 main:218] memes cog loaded
[I 210705 12:26:51 main:218] toggleroles cog loaded
[I 210705 12:26:51 main:218] colors cog loaded
[I 210705 12:26:51 main:218] accountinfo cog loaded
[I 210705 12:26:51 main:218] filter cog loaded
[I 210705 12:26:51 main:224] LOGIN: Client logged in as Creative Name Here
[I 210705 12:27:04 main:87] Database pool has started!
[I 210705 12:27:04 main:90] Discord Logger has been configured
[I 210705 12:27:07 main:203] jsk has been loaded
[I 210705 12:27:07 main:204] Schema configured
[I 210705 12:27:07 main:209] approval addon loaded
[I 210705 12:27:07 main:209] setup addon loaded
[I 210705 12:27:07 main:209] botowner addon loaded
[I 210705 12:27:07 main:209] events addon loaded
[I 210705 12:27:07 main:209] mod addon loaded
[I 210705 12:27:07 main:209] misc addon loaded
[I 210705 12:27:07 main:209] warn addon loaded
[I 210705 12:27:07 main:209] trusted addon loaded
[I 210705 12:27:07 main:218] qrgen cog loaded
[I 210705 12:27:07 main:218] memes cog loaded
[I 210705 12:27:07 main:218] toggleroles cog loaded
[I 210705 12:27:07 main:218] colors cog loaded
[I 210705 12:27:07 main:218] accountinfo cog loaded
[I 210705 12:27:07 main:218] filter cog loaded
[I 210705 12:27:07 main:224] LOGIN: Client logged in as Creative Name Here
